Running scheduled command: App\Http\Controllers\Sales\SaleController@importShopify
Running scheduled command: App\Http\Controllers\Sales\SaleController@importShopify
Running scheduled command: App\Http\Controllers\Sales\SaleController@importShopify
Running scheduled command: App\Http\Controllers\Sales\SaleController@importShopify
Running scheduled command: App\Http\Controllers\Sales\SaleController@importShopify
Running scheduled command: App\Http\Controllers\Sales\SaleController@importShopify
Running scheduled command: App\Http\Controllers\Sales\SaleController@importShopify
Running scheduled command: App\Http\Controllers\Sales\SaleController@importShopify
Running scheduled command: App\Http\Controllers\Sales\SaleController@importShopify
Running scheduled command: App\Http\Controllers\Sales\SaleController@importShopify
Running scheduled command: App\Http\Controllers\Sales\SaleController@importShopify
Running scheduled command: App\Http\Controllers\Sales\SaleController@importShopify
Running scheduled command: App\Http\Controllers\Sales\SaleController@importShopify
Running scheduled command: App\Http\Controllers\Sales\SaleController@importShopify
Running scheduled command: App\Http\Controllers\Sales\SaleController@importShopify
Running scheduled command: App\Http\Controllers\Sales\SaleController@importShopify
Running scheduled command: App\Http\Controllers\Sales\SaleController@importShopify
Running scheduled command: App\Http\Controllers\Sales\SaleController@importShopify
Running scheduled command: App\Http\Controllers\Sales\SaleController@importShopify
Running scheduled command: App\Http\Controllers\Sales\SaleController@importShopify
Running scheduled command: App\Http\Controllers\Sales\SaleController@importShopify
Running scheduled command: App\Http\Controllers\Sales\SaleController@importShopify
Running scheduled command: App\Http\Controllers\Sales\SaleController@importShopify
Running scheduled command: App\Http\Controllers\Sales\SaleController@importShopify
Running scheduled command: App\Http\Controllers\Sales\SaleController@importShopify
Running scheduled command: App\Http\Controllers\Sales\SaleController@importShopify
Running scheduled command: App\Http\Controllers\Sales\SaleController@importShopify
Running scheduled command: App\Http\Controllers\Sales\SaleController@importShopify
Running scheduled command: App\Http\Controllers\Sales\SaleController@importShopify
Running scheduled command: App\Http\Controllers\Sales\SaleController@importShopify
Running scheduled command: App\Http\Controllers\Sales\SaleController@importShopify
Running scheduled command: App\Http\Controllers\Sales\SaleController@importShopify
Running scheduled command: App\Http\Controllers\Sales\SaleController@importShopify
Running scheduled command: App\Http\Controllers\Sales\SaleController@importShopify
Running scheduled command: App\Http\Controllers\Sales\SaleController@importShopify
Running scheduled command: App\Http\Controllers\Sales\SaleController@importShopify
Running scheduled command: App\Http\Controllers\Sales\SaleController@importShopify
Running scheduled command: App\Http\Controllers\Sales\SaleController@importShopify
Running scheduled command: App\Http\Controllers\Sales\SaleController@importShopify
Running scheduled command: App\Http\Controllers\Sales\SaleController@importShopify
Running scheduled command: App\Http\Controllers\Sales\SaleController@importShopify
Running scheduled command: App\Http\Controllers\Sales\SaleController@importShopify
Running scheduled command: App\Http\Controllers\Sales\SaleController@importShopify
Running scheduled command: App\Http\Controllers\Sales\SaleController@importShopify
Running scheduled command: App\Http\Controllers\Sales\SaleController@importShopify
Running scheduled command: App\Http\Controllers\Sales\SaleController@importShopify
Running scheduled command: App\Http\Controllers\Sales\SaleController@importShopify
Running scheduled command: App\Http\Controllers\Sales\SaleController@importShopify
Running scheduled command: App\Http\Controllers\Sales\SaleController@importShopify
Running scheduled command: App\Http\Controllers\Sales\SaleController@importShopify
Running scheduled command: App\Http\Controllers\Sales\SaleController@importShopify
Running scheduled command: App\Http\Controllers\Sales\SaleController@importShopify
Running scheduled command: App\Http\Controllers\Sales\SaleController@importShopify
Running scheduled command: App\Http\Controllers\Sales\SaleController@importShopify
Running scheduled command: App\Http\Controllers\Sales\SaleController@importShopify
Running scheduled command: App\Http\Controllers\Sales\SaleController@importShopify
Running scheduled command: App\Http\Controllers\Sales\SaleController@importShopify
Running scheduled command: App\Http\Controllers\Sales\SaleController@importShopify
Running scheduled command: App\Http\Controllers\Sales\SaleController@importShopify
Running scheduled command: App\Http\Controllers\Sales\SaleController@importShopify
Running scheduled command: App\Http\Controllers\Sales\SaleController@importShopify
Running scheduled command: App\Http\Controllers\Sales\SaleController@importShopify
Running scheduled command: App\Http\Controllers\Sales\SaleController@importShopify
Running scheduled command: App\Http\Controllers\Sales\SaleController@importShopify
Running scheduled command: App\Http\Controllers\Sales\SaleController@importShopify
Running scheduled command: App\Http\Controllers\Sales\SaleController@importShopify
Running scheduled command: App\Http\Controllers\Sales\SaleController@importShopify
Running scheduled command: App\Http\Controllers\Sales\SaleController@importShopify
Running scheduled command: App\Http\Controllers\Sales\SaleController@importShopify
Running scheduled command: App\Http\Controllers\Sales\SaleController@importShopify
Running scheduled command: App\Http\Controllers\Sales\SaleController@importShopify
Running scheduled command: App\Http\Controllers\Sales\SaleController@importShopify
Running scheduled command: App\Http\Controllers\Sales\SaleController@importShopify
Running scheduled command: App\Http\Controllers\Sales\SaleController@importShopify
Running scheduled command: App\Http\Controllers\Sales\SaleController@importShopify
Running scheduled command: App\Http\Controllers\Sales\SaleController@importShopify
Running scheduled command: App\Http\Controllers\Sales\SaleController@importShopify
Running scheduled command: App\Http\Controllers\Sales\SaleController@importShopify
Running scheduled command: App\Http\Controllers\Sales\SaleController@importShopify
Running scheduled command: App\Http\Controllers\Sales\SaleController@importShopify
Running scheduled command: App\Http\Controllers\Sales\SaleController@importShopify
Running scheduled command: App\Http\Controllers\Sales\SaleController@importShopify
Running scheduled command: App\Http\Controllers\Sales\SaleController@importShopify
Running scheduled command: App\Http\Controllers\Sales\SaleController@importShopify
Running scheduled command: App\Http\Controllers\Sales\SaleController@importShopify
Running scheduled command: App\Http\Controllers\Sales\SaleController@importShopify
Running scheduled command: App\Http\Controllers\Sales\SaleController@importShopify
Running scheduled command: App\Http\Controllers\Sales\SaleController@importShopify
Running scheduled command: App\Http\Controllers\Sales\SaleController@importShopify
Running scheduled command: App\Http\Controllers\Sales\SaleController@importShopify
Running scheduled command: App\Http\Controllers\Sales\SaleController@importShopify
Running scheduled command: App\Http\Controllers\Sales\SaleController@importShopify
Running scheduled command: App\Http\Controllers\Sales\SaleController@importShopify
Running scheduled command: App\Http\Controllers\Sales\SaleController@importShopify
Running scheduled command: App\Http\Controllers\Sales\SaleController@importShopify
Running scheduled command: App\Http\Controllers\Sales\SaleController@importShopify
Running scheduled command: App\Http\Controllers\Sales\SaleController@importShopify
Running scheduled command: App\Http\Controllers\Sales\SaleController@importShopify
Running scheduled command: App\Http\Controllers\Sales\SaleController@importShopify
Running scheduled command: App\Http\Controllers\Sales\SaleController@importShopify
Running scheduled command: App\Http\Controllers\Sales\SaleController@importShopify
Running scheduled command: App\Http\Controllers\Sales\SaleController@importShopify
Running scheduled command: App\Http\Controllers\Sales\SaleController@importShopify
Running scheduled command: App\Http\Controllers\Sales\SaleController@importShopify
Running scheduled command: App\Http\Controllers\Sales\SaleController@importShopify
Running scheduled command: App\Http\Controllers\Sales\SaleController@importShopify
Running scheduled command: App\Http\Controllers\Sales\SaleController@importShopify
Running scheduled command: App\Http\Controllers\Sales\SaleController@importShopify
Running scheduled command: App\Http\Controllers\Sales\SaleController@importShopify
Running scheduled command: App\Http\Controllers\Sales\SaleController@importShopify
Running scheduled command: App\Http\Controllers\Sales\SaleController@importShopify
Running scheduled command: App\Http\Controllers\Sales\SaleController@importShopify
Running scheduled command: App\Http\Controllers\Sales\SaleController@importShopify
Running scheduled command: App\Http\Controllers\Sales\SaleController@importShopify
Running scheduled command: App\Http\Controllers\Sales\SaleController@importShopify
Running scheduled command: App\Http\Controllers\Sales\SaleController@importShopify
Running scheduled command: App\Http\Controllers\Sales\SaleController@importShopify
Running scheduled command: App\Http\Controllers\Sales\SaleController@importShopify
Running scheduled command: App\Http\Controllers\Sales\SaleController@importShopify
Running scheduled command: App\Http\Controllers\Sales\SaleController@importShopify
Running scheduled command: App\Http\Controllers\Sales\SaleController@importShopify
Running scheduled command: App\Http\Controllers\Sales\SaleController@importShopify
Running scheduled command: App\Http\Controllers\Sales\SaleController@importShopify
Running scheduled command: App\Http\Controllers\Sales\SaleController@importShopify
Running scheduled command: App\Http\Controllers\Sales\SaleController@importShopify
Running scheduled command: App\Http\Controllers\Sales\SaleController@importShopify
Running scheduled command: App\Http\Controllers\Sales\SaleController@importShopify
Running scheduled command: App\Http\Controllers\Sales\SaleController@importShopify
Running scheduled command: App\Http\Controllers\Sales\SaleController@importShopify
Running scheduled command: App\Http\Controllers\Sales\SaleController@importShopify
Running scheduled command: App\Http\Controllers\Sales\SaleController@importShopify
Running scheduled command: App\Http\Controllers\Sales\SaleController@importShopify
Running scheduled command: App\Http\Controllers\Sales\SaleController@importShopify
Running scheduled command: App\Http\Controllers\Sales\SaleController@importShopify
Running scheduled command: App\Http\Controllers\Sales\SaleController@importShopify
Running scheduled command: App\Http\Controllers\Sales\SaleController@importShopify
Running scheduled command: App\Http\Controllers\Sales\SaleController@importShopify
Running scheduled command: App\Http\Controllers\Sales\SaleController@importShopify
Running scheduled command: App\Http\Controllers\Sales\SaleController@importShopify
Running scheduled command: App\Http\Controllers\Sales\SaleController@importShopify
Running scheduled command: App\Http\Controllers\Sales\SaleController@importShopify
Running scheduled command: App\Http\Controllers\Sales\SaleController@importShopify
Running scheduled command: App\Http\Controllers\Sales\SaleController@importShopify
Running scheduled command: App\Http\Controllers\Sales\SaleController@importShopify
Running scheduled command: App\Http\Controllers\Sales\SaleController@importShopify
Running scheduled command: App\Http\Controllers\Sales\SaleController@importShopify
Running scheduled command: App\Http\Controllers\Sales\SaleController@importShopify
Running scheduled command: App\Http\Controllers\Sales\SaleController@importShopify
Running scheduled command: App\Http\Controllers\Sales\SaleController@importShopify
Running scheduled command: App\Http\Controllers\Sales\SaleController@importShopify
Running scheduled command: App\Http\Controllers\Sales\SaleController@importShopify
Running scheduled command: App\Http\Controllers\Sales\SaleController@importShopify
Running scheduled command: App\Http\Controllers\Sales\SaleController@importShopify
Running scheduled command: App\Http\Controllers\Sales\SaleController@importShopify
Running scheduled command: App\Http\Controllers\Sales\SaleController@importShopify
Running scheduled command: App\Http\Controllers\Sales\SaleController@importShopify
Running scheduled command: App\Http\Controllers\Sales\SaleController@importShopify
Running scheduled command: App\Http\Controllers\Sales\SaleController@importShopify
Running scheduled command: App\Http\Controllers\Sales\SaleController@importShopify
Running scheduled command: App\Http\Controllers\Sales\SaleController@importShopify
Running scheduled command: App\Http\Controllers\Sales\SaleController@importShopify
Running scheduled command: App\Http\Controllers\Sales\SaleController@importShopify
Running scheduled command: App\Http\Controllers\Sales\SaleController@importShopify
Running scheduled command: App\Http\Controllers\Sales\SaleController@importShopify
Running scheduled command: App\Http\Controllers\Sales\SaleController@importShopify
Running scheduled command: App\Http\Controllers\Sales\SaleController@importShopify
Running scheduled command: App\Http\Controllers\Sales\SaleController@importShopify
Running scheduled command: App\Http\Controllers\Sales\SaleController@importShopify
Running scheduled command: App\Http\Controllers\Sales\SaleController@importShopify
Running scheduled command: App\Http\Controllers\Sales\SaleController@importShopify
Running scheduled command: App\Http\Controllers\Sales\SaleController@importShopify
Running scheduled command: App\Http\Controllers\Sales\SaleController@importShopify
Running scheduled command: App\Http\Controllers\Sales\SaleController@importShopify
Running scheduled command: App\Http\Controllers\Sales\SaleController@importShopify
Running scheduled command: App\Http\Controllers\Sales\SaleController@importShopify
Running scheduled command: App\Http\Controllers\Sales\SaleController@importShopify
Running scheduled command: App\Http\Controllers\Sales\SaleController@importShopify
Running scheduled command: App\Http\Controllers\Sales\SaleController@importShopify
Running scheduled command: App\Http\Controllers\Sales\SaleController@importShopify
Running scheduled command: App\Http\Controllers\Sales\SaleController@importShopify
Running scheduled command: App\Http\Controllers\Sales\SaleController@importShopify
Running scheduled command: App\Http\Controllers\Sales\SaleController@importShopify
Running scheduled command: App\Http\Controllers\Sales\SaleController@importShopify
Running scheduled command: App\Http\Controllers\Sales\SaleController@importShopify
Running scheduled command: App\Http\Controllers\Sales\SaleController@importShopify
Running scheduled command: App\Http\Controllers\Sales\SaleController@importShopify
Running scheduled command: App\Http\Controllers\Sales\SaleController@importShopify
Running scheduled command: App\Http\Controllers\Sales\SaleController@importShopify
Running scheduled command: App\Http\Controllers\Sales\SaleController@importShopify
Running scheduled command: App\Http\Controllers\Sales\SaleController@importShopify
Running scheduled command: App\Http\Controllers\Sales\SaleController@importShopify
Running scheduled command: App\Http\Controllers\Sales\SaleController@importShopify
Running scheduled command: App\Http\Controllers\Sales\SaleController@importShopify
Running scheduled command: App\Http\Controllers\Sales\SaleController@importShopify
Running scheduled command: App\Http\Controllers\Sales\SaleController@importShopify
Running scheduled command: App\Http\Controllers\Sales\SaleController@importShopify
Running scheduled command: App\Http\Controllers\Sales\SaleController@importShopify
Running scheduled command: App\Http\Controllers\Sales\SaleController@importShopify
Running scheduled command: App\Http\Controllers\Sales\SaleController@importShopify
Running scheduled command: App\Http\Controllers\Sales\SaleController@importShopify
Running scheduled command: App\Http\Controllers\Sales\SaleController@importShopify
Running scheduled command: App\Http\Controllers\Sales\SaleController@importShopify
Running scheduled command: App\Http\Controllers\Sales\SaleController@importShopify
Running scheduled command: App\Http\Controllers\Sales\SaleController@importShopify
Running scheduled command: App\Http\Controllers\Sales\SaleController@importShopify
Running scheduled command: App\Http\Controllers\Sales\SaleController@importShopify
Running scheduled command: App\Http\Controllers\Sales\SaleController@importShopify
Running scheduled command: App\Http\Controllers\Sales\SaleController@importShopify
Running scheduled command: App\Http\Controllers\Sales\SaleController@importShopify
Running scheduled command: App\Http\Controllers\Sales\SaleController@importShopify
Running scheduled command: App\Http\Controllers\Sales\SaleController@importShopify
Running scheduled command: App\Http\Controllers\Sales\SaleController@importShopify
Running scheduled command: App\Http\Controllers\Sales\SaleController@importShopify
Running scheduled command: App\Http\Controllers\Sales\SaleController@importShopify
Running scheduled command: App\Http\Controllers\Sales\SaleController@importShopify
Running scheduled command: App\Http\Controllers\Sales\SaleController@importShopify
Running scheduled command: App\Http\Controllers\Sales\SaleController@importShopify
Running scheduled command: App\Http\Controllers\Sales\SaleController@importShopify
Running scheduled command: App\Http\Controllers\Sales\SaleController@importShopify
Running scheduled command: App\Http\Controllers\Sales\SaleController@importShopify
Running scheduled command: App\Http\Controllers\Sales\SaleController@importShopify
Running scheduled command: App\Http\Controllers\Sales\SaleController@importShopify
Running scheduled command: App\Http\Controllers\Sales\SaleController@importShopify
Running scheduled command: App\Http\Controllers\Sales\SaleController@importShopify
Running scheduled command: App\Http\Controllers\Sales\SaleController@importShopify
Running scheduled command: App\Http\Controllers\Sales\SaleController@importShopify
Running scheduled command: App\Http\Controllers\Sales\SaleController@importShopify
Running scheduled command: App\Http\Controllers\Sales\SaleController@importShopify
Running scheduled command: App\Http\Controllers\Sales\SaleController@importShopify
Running scheduled command: App\Http\Controllers\Sales\SaleController@importShopify
Running scheduled command: App\Http\Controllers\Sales\SaleController@importShopify
Running scheduled command: App\Http\Controllers\Sales\SaleController@importShopify
Running scheduled command: App\Http\Controllers\Sales\SaleController@importShopify
Running scheduled command: App\Http\Controllers\Sales\SaleController@importShopify
Running scheduled command: App\Http\Controllers\Sales\SaleController@importShopify
Running scheduled command: App\Http\Controllers\Sales\SaleController@importShopify
Running scheduled command: App\Http\Controllers\Sales\SaleController@importShopify
Running scheduled command: App\Http\Controllers\Sales\SaleController@importShopify
Running scheduled command: App\Http\Controllers\Sales\SaleController@importShopify
Running scheduled command: App\Http\Controllers\Sales\SaleController@importShopify
Running scheduled command: App\Http\Controllers\Sales\SaleController@importShopify
Running scheduled command: App\Http\Controllers\Sales\SaleController@importShopify
Running scheduled command: App\Http\Controllers\Sales\SaleController@importShopify
Running scheduled command: App\Http\Controllers\Sales\SaleController@importShopify
Running scheduled command: App\Http\Controllers\Sales\SaleController@importShopify
Running scheduled command: App\Http\Controllers\Sales\SaleController@importShopify
Running scheduled command: App\Http\Controllers\Sales\SaleController@importShopify
Running scheduled command: App\Http\Controllers\Sales\SaleController@importShopify
Running scheduled command: App\Http\Controllers\Sales\SaleController@importShopify
Running scheduled command: App\Http\Controllers\Sales\SaleController@importShopify
Running scheduled command: App\Http\Controllers\Sales\SaleController@importShopify
Running scheduled command: App\Http\Controllers\Sales\SaleController@importShopify
Running scheduled command: App\Http\Controllers\Sales\SaleController@importShopify
Running scheduled command: App\Http\Controllers\Sales\SaleController@importShopify
Running scheduled command: App\Http\Controllers\Sales\SaleController@importShopify
Running scheduled command: App\Http\Controllers\Sales\SaleController@importShopify
Running scheduled command: App\Http\Controllers\Sales\SaleController@importShopify
Running scheduled command: App\Http\Controllers\Sales\SaleController@importShopify
Running scheduled command: App\Http\Controllers\Sales\SaleController@importShopify
Running scheduled command: App\Http\Controllers\Sales\SaleController@importShopify
Running scheduled command: App\Http\Controllers\Sales\SaleController@importShopify
Running scheduled command: App\Http\Controllers\Sales\SaleController@importShopify
Running scheduled command: App\Http\Controllers\Sales\SaleController@importShopify
Running scheduled command: App\Http\Controllers\Sales\SaleController@importShopify
Running scheduled command: App\Http\Controllers\Sales\SaleController@importShopify
Running scheduled command: App\Http\Controllers\Sales\SaleController@importShopify
Running scheduled command: App\Http\Controllers\Sales\SaleController@importShopify
Running scheduled command: App\Http\Controllers\Sales\SaleController@importShopify
Running scheduled command: App\Http\Controllers\Sales\SaleController@importShopify
Running scheduled command: App\Http\Controllers\Sales\SaleController@importShopify
Running scheduled command: App\Http\Controllers\Sales\SaleController@importShopify
Running scheduled command: App\Http\Controllers\Sales\SaleController@importShopify
Running scheduled command: App\Http\Controllers\Sales\SaleController@importShopify
Running scheduled command: App\Http\Controllers\Sales\SaleController@importShopify
Running scheduled command: App\Http\Controllers\Sales\SaleController@importShopify
Running scheduled command: App\Http\Controllers\Sales\SaleController@importShopify
Running scheduled command: App\Http\Controllers\Sales\SaleController@importShopify
Running scheduled command: App\Http\Controllers\Sales\SaleController@importShopify
Running scheduled command: App\Http\Controllers\Sales\SaleController@importShopify
Running scheduled command: App\Http\Controllers\Sales\SaleController@importShopify
Running scheduled command: App\Http\Controllers\Sales\SaleController@importShopify
Running scheduled command: App\Http\Controllers\Sales\SaleController@importShopify
Running scheduled command: App\Http\Controllers\Sales\SaleController@importShopify
Running scheduled command: App\Http\Controllers\Sales\SaleController@importShopify
Running scheduled command: App\Http\Controllers\Sales\SaleController@importShopify
Running scheduled command: App\Http\Controllers\Sales\SaleController@importShopify
Running scheduled command: App\Http\Controllers\Sales\SaleController@importShopify
Running scheduled command: App\Http\Controllers\Sales\SaleController@importShopify
Running scheduled command: App\Http\Controllers\Sales\SaleController@importShopify
Running scheduled command: App\Http\Controllers\Sales\SaleController@importShopify
Running scheduled command: App\Http\Controllers\Sales\SaleController@importShopify
Running scheduled command: App\Http\Controllers\Sales\SaleController@importShopify
Running scheduled command: App\Http\Controllers\Sales\SaleController@importShopify
Running scheduled command: App\Http\Controllers\Sales\SaleController@importShopify
Running scheduled command: App\Http\Controllers\Sales\SaleController@importShopify
Running scheduled command: App\Http\Controllers\Sales\SaleController@importShopify
Running scheduled command: App\Http\Controllers\Sales\SaleController@importShopify
Running scheduled command: App\Http\Controllers\Sales\SaleController@importShopify
Running scheduled command: App\Http\Controllers\Sales\SaleController@importShopify
Running scheduled command: App\Http\Controllers\Sales\SaleController@importShopify
Running scheduled command: App\Http\Controllers\Sales\SaleController@importShopify
Running scheduled command: App\Http\Controllers\Sales\SaleController@importShopify
Running scheduled command: App\Http\Controllers\Sales\SaleController@importShopify
Running scheduled command: App\Http\Controllers\Sales\SaleController@importShopify
Running scheduled command: App\Http\Controllers\Sales\SaleController@importShopify
Running scheduled command: App\Http\Controllers\Sales\SaleController@importShopify
Running scheduled command: App\Http\Controllers\Sales\SaleController@importShopify

   InvalidArgumentException  : Non-numeric value passed to decrement method.

  at /var/www/html/cvlapi/vendor/laravel/framework/src/Illuminate/Database/Query/Builder.php:2786
    2782|      */
    2783|     public function decrement($column, $amount = 1, array $extra = [])
    2784|     {
    2785|         if (! is_numeric($amount)) {
  > 2786|             throw new InvalidArgumentException('Non-numeric value passed to decrement method.');
    2787|         }
    2788| 
    2789|         $wrapped = $this->grammar->wrap($column);
    2790|

  Exception trace:

  1   Illuminate\Database\Query\Builder::decrement("on_hand", ["2020-05-21 20:12:04"])
      /var/www/html/cvlapi/vendor/laravel/framework/src/Illuminate/Database/Eloquent/Builder.php:819

  2   Illuminate\Database\Eloquent\Builder::decrement("on_hand")
      /var/www/html/cvlapi/app/Repositories/ProductAvailabilityRepository.php:86

  Please use the argument -v to see more details.
Running scheduled command: App\Http\Controllers\Sales\SaleController@importShopify

   InvalidArgumentException  : Non-numeric value passed to decrement method.

  at /var/www/html/cvlapi/vendor/laravel/framework/src/Illuminate/Database/Query/Builder.php:2786
    2782|      */
    2783|     public function decrement($column, $amount = 1, array $extra = [])
    2784|     {
    2785|         if (! is_numeric($amount)) {
  > 2786|             throw new InvalidArgumentException('Non-numeric value passed to decrement method.');
    2787|         }
    2788| 
    2789|         $wrapped = $this->grammar->wrap($column);
    2790|

  Exception trace:

  1   Illuminate\Database\Query\Builder::decrement("on_hand", ["2020-05-21 20:13:06"])
      /var/www/html/cvlapi/vendor/laravel/framework/src/Illuminate/Database/Eloquent/Builder.php:819

  2   Illuminate\Database\Eloquent\Builder::decrement("on_hand")
      /var/www/html/cvlapi/app/Repositories/ProductAvailabilityRepository.php:86

  Please use the argument -v to see more details.
Running scheduled command: App\Http\Controllers\Sales\SaleController@importShopify

   InvalidArgumentException  : Non-numeric value passed to decrement method.

  at /var/www/html/cvlapi/vendor/laravel/framework/src/Illuminate/Database/Query/Builder.php:2786
    2782|      */
    2783|     public function decrement($column, $amount = 1, array $extra = [])
    2784|     {
    2785|         if (! is_numeric($amount)) {
  > 2786|             throw new InvalidArgumentException('Non-numeric value passed to decrement method.');
    2787|         }
    2788| 
    2789|         $wrapped = $this->grammar->wrap($column);
    2790|

  Exception trace:

  1   Illuminate\Database\Query\Builder::decrement("on_hand", ["2020-05-21 20:14:07"])
      /var/www/html/cvlapi/vendor/laravel/framework/src/Illuminate/Database/Eloquent/Builder.php:819

  2   Illuminate\Database\Eloquent\Builder::decrement("on_hand")
      /var/www/html/cvlapi/app/Repositories/ProductAvailabilityRepository.php:86

  Please use the argument -v to see more details.
Running scheduled command: App\Http\Controllers\Sales\SaleController@importShopify

   InvalidArgumentException  : Non-numeric value passed to decrement method.

  at /var/www/html/cvlapi/vendor/laravel/framework/src/Illuminate/Database/Query/Builder.php:2786
    2782|      */
    2783|     public function decrement($column, $amount = 1, array $extra = [])
    2784|     {
    2785|         if (! is_numeric($amount)) {
  > 2786|             throw new InvalidArgumentException('Non-numeric value passed to decrement method.');
    2787|         }
    2788| 
    2789|         $wrapped = $this->grammar->wrap($column);
    2790|

  Exception trace:

  1   Illuminate\Database\Query\Builder::decrement("on_hand", ["2020-05-21 20:15:08"])
      /var/www/html/cvlapi/vendor/laravel/framework/src/Illuminate/Database/Eloquent/Builder.php:819

  2   Illuminate\Database\Eloquent\Builder::decrement("on_hand")
      /var/www/html/cvlapi/app/Repositories/ProductAvailabilityRepository.php:86

  Please use the argument -v to see more details.
Running scheduled command: App\Http\Controllers\Sales\SaleController@importShopify

   InvalidArgumentException  : Non-numeric value passed to decrement method.

  at /var/www/html/cvlapi/vendor/laravel/framework/src/Illuminate/Database/Query/Builder.php:2786
    2782|      */
    2783|     public function decrement($column, $amount = 1, array $extra = [])
    2784|     {
    2785|         if (! is_numeric($amount)) {
  > 2786|             throw new InvalidArgumentException('Non-numeric value passed to decrement method.');
    2787|         }
    2788| 
    2789|         $wrapped = $this->grammar->wrap($column);
    2790|

  Exception trace:

  1   Illuminate\Database\Query\Builder::decrement("on_hand", ["2020-05-21 20:16:03"])
      /var/www/html/cvlapi/vendor/laravel/framework/src/Illuminate/Database/Eloquent/Builder.php:819

  2   Illuminate\Database\Eloquent\Builder::decrement("on_hand")
      /var/www/html/cvlapi/app/Repositories/ProductAvailabilityRepository.php:86

  Please use the argument -v to see more details.
Running scheduled command: App\Http\Controllers\Sales\SaleController@importShopify

   InvalidArgumentException  : Non-numeric value passed to decrement method.

  at /var/www/html/cvlapi/vendor/laravel/framework/src/Illuminate/Database/Query/Builder.php:2786
    2782|      */
    2783|     public function decrement($column, $amount = 1, array $extra = [])
    2784|     {
    2785|         if (! is_numeric($amount)) {
  > 2786|             throw new InvalidArgumentException('Non-numeric value passed to decrement method.');
    2787|         }
    2788| 
    2789|         $wrapped = $this->grammar->wrap($column);
    2790|

  Exception trace:

  1   Illuminate\Database\Query\Builder::decrement("on_hand", ["2020-05-21 20:17:04"])
      /var/www/html/cvlapi/vendor/laravel/framework/src/Illuminate/Database/Eloquent/Builder.php:819

  2   Illuminate\Database\Eloquent\Builder::decrement("on_hand")
      /var/www/html/cvlapi/app/Repositories/ProductAvailabilityRepository.php:86

  Please use the argument -v to see more details.
Running scheduled command: App\Http\Controllers\Sales\SaleController@importShopify

   InvalidArgumentException  : Non-numeric value passed to decrement method.

  at /var/www/html/cvlapi/vendor/laravel/framework/src/Illuminate/Database/Query/Builder.php:2786
    2782|      */
    2783|     public function decrement($column, $amount = 1, array $extra = [])
    2784|     {
    2785|         if (! is_numeric($amount)) {
  > 2786|             throw new InvalidArgumentException('Non-numeric value passed to decrement method.');
    2787|         }
    2788| 
    2789|         $wrapped = $this->grammar->wrap($column);
    2790|

  Exception trace:

  1   Illuminate\Database\Query\Builder::decrement("on_hand", ["2020-05-21 20:18:16"])
      /var/www/html/cvlapi/vendor/laravel/framework/src/Illuminate/Database/Eloquent/Builder.php:819

  2   Illuminate\Database\Eloquent\Builder::decrement("on_hand")
      /var/www/html/cvlapi/app/Repositories/ProductAvailabilityRepository.php:86

  Please use the argument -v to see more details.
Running scheduled command: App\Http\Controllers\Sales\SaleController@importShopify

   InvalidArgumentException  : Non-numeric value passed to decrement method.

  at /var/www/html/cvlapi/vendor/laravel/framework/src/Illuminate/Database/Query/Builder.php:2786
    2782|      */
    2783|     public function decrement($column, $amount = 1, array $extra = [])
    2784|     {
    2785|         if (! is_numeric($amount)) {
  > 2786|             throw new InvalidArgumentException('Non-numeric value passed to decrement method.');
    2787|         }
    2788| 
    2789|         $wrapped = $this->grammar->wrap($column);
    2790|

  Exception trace:

  1   Illuminate\Database\Query\Builder::decrement("on_hand", ["2020-05-21 20:19:04"])
      /var/www/html/cvlapi/vendor/laravel/framework/src/Illuminate/Database/Eloquent/Builder.php:819

  2   Illuminate\Database\Eloquent\Builder::decrement("on_hand")
      /var/www/html/cvlapi/app/Repositories/ProductAvailabilityRepository.php:86

  Please use the argument -v to see more details.
Running scheduled command: App\Http\Controllers\Sales\SaleController@importShopify

   InvalidArgumentException  : Non-numeric value passed to decrement method.

  at /var/www/html/cvlapi/vendor/laravel/framework/src/Illuminate/Database/Query/Builder.php:2786
    2782|      */
    2783|     public function decrement($column, $amount = 1, array $extra = [])
    2784|     {
    2785|         if (! is_numeric($amount)) {
  > 2786|             throw new InvalidArgumentException('Non-numeric value passed to decrement method.');
    2787|         }
    2788| 
    2789|         $wrapped = $this->grammar->wrap($column);
    2790|

  Exception trace:

  1   Illuminate\Database\Query\Builder::decrement("on_hand", ["2020-05-21 20:20:04"])
      /var/www/html/cvlapi/vendor/laravel/framework/src/Illuminate/Database/Eloquent/Builder.php:819

  2   Illuminate\Database\Eloquent\Builder::decrement("on_hand")
      /var/www/html/cvlapi/app/Repositories/ProductAvailabilityRepository.php:86

  Please use the argument -v to see more details.
Running scheduled command: App\Http\Controllers\Sales\SaleController@importShopify

   InvalidArgumentException  : Non-numeric value passed to decrement method.

  at /var/www/html/cvlapi/vendor/laravel/framework/src/Illuminate/Database/Query/Builder.php:2786
    2782|      */
    2783|     public function decrement($column, $amount = 1, array $extra = [])
    2784|     {
    2785|         if (! is_numeric($amount)) {
  > 2786|             throw new InvalidArgumentException('Non-numeric value passed to decrement method.');
    2787|         }
    2788| 
    2789|         $wrapped = $this->grammar->wrap($column);
    2790|

  Exception trace:

  1   Illuminate\Database\Query\Builder::decrement("on_hand", ["2020-05-21 20:21:02"])
      /var/www/html/cvlapi/vendor/laravel/framework/src/Illuminate/Database/Eloquent/Builder.php:819

  2   Illuminate\Database\Eloquent\Builder::decrement("on_hand")
      /var/www/html/cvlapi/app/Repositories/ProductAvailabilityRepository.php:86

  Please use the argument -v to see more details.
Running scheduled command: App\Http\Controllers\Sales\SaleController@importShopify

   InvalidArgumentException  : Non-numeric value passed to decrement method.

  at /var/www/html/cvlapi/vendor/laravel/framework/src/Illuminate/Database/Query/Builder.php:2786
    2782|      */
    2783|     public function decrement($column, $amount = 1, array $extra = [])
    2784|     {
    2785|         if (! is_numeric($amount)) {
  > 2786|             throw new InvalidArgumentException('Non-numeric value passed to decrement method.');
    2787|         }
    2788| 
    2789|         $wrapped = $this->grammar->wrap($column);
    2790|

  Exception trace:

  1   Illuminate\Database\Query\Builder::decrement("on_hand", ["2020-05-21 20:22:11"])
      /var/www/html/cvlapi/vendor/laravel/framework/src/Illuminate/Database/Eloquent/Builder.php:819

  2   Illuminate\Database\Eloquent\Builder::decrement("on_hand")
      /var/www/html/cvlapi/app/Repositories/ProductAvailabilityRepository.php:86

  Please use the argument -v to see more details.
Running scheduled command: App\Http\Controllers\Sales\SaleController@importShopify

   InvalidArgumentException  : Non-numeric value passed to decrement method.

  at /var/www/html/cvlapi/vendor/laravel/framework/src/Illuminate/Database/Query/Builder.php:2786
    2782|      */
    2783|     public function decrement($column, $amount = 1, array $extra = [])
    2784|     {
    2785|         if (! is_numeric($amount)) {
  > 2786|             throw new InvalidArgumentException('Non-numeric value passed to decrement method.');
    2787|         }
    2788| 
    2789|         $wrapped = $this->grammar->wrap($column);
    2790|

  Exception trace:

  1   Illuminate\Database\Query\Builder::decrement("on_hand", ["2020-05-21 20:23:07"])
      /var/www/html/cvlapi/vendor/laravel/framework/src/Illuminate/Database/Eloquent/Builder.php:819

  2   Illuminate\Database\Eloquent\Builder::decrement("on_hand")
      /var/www/html/cvlapi/app/Repositories/ProductAvailabilityRepository.php:86

  Please use the argument -v to see more details.
Running scheduled command: App\Http\Controllers\Sales\SaleController@importShopify

   InvalidArgumentException  : Non-numeric value passed to decrement method.

  at /var/www/html/cvlapi/vendor/laravel/framework/src/Illuminate/Database/Query/Builder.php:2786
    2782|      */
    2783|     public function decrement($column, $amount = 1, array $extra = [])
    2784|     {
    2785|         if (! is_numeric($amount)) {
  > 2786|             throw new InvalidArgumentException('Non-numeric value passed to decrement method.');
    2787|         }
    2788| 
    2789|         $wrapped = $this->grammar->wrap($column);
    2790|

  Exception trace:

  1   Illuminate\Database\Query\Builder::decrement("on_hand", ["2020-05-21 20:24:02"])
      /var/www/html/cvlapi/vendor/laravel/framework/src/Illuminate/Database/Eloquent/Builder.php:819

  2   Illuminate\Database\Eloquent\Builder::decrement("on_hand")
      /var/www/html/cvlapi/app/Repositories/ProductAvailabilityRepository.php:86

  Please use the argument -v to see more details.
Running scheduled command: App\Http\Controllers\Sales\SaleController@importShopify

   InvalidArgumentException  : Non-numeric value passed to decrement method.

  at /var/www/html/cvlapi/vendor/laravel/framework/src/Illuminate/Database/Query/Builder.php:2786
    2782|      */
    2783|     public function decrement($column, $amount = 1, array $extra = [])
    2784|     {
    2785|         if (! is_numeric($amount)) {
  > 2786|             throw new InvalidArgumentException('Non-numeric value passed to decrement method.');
    2787|         }
    2788| 
    2789|         $wrapped = $this->grammar->wrap($column);
    2790|

  Exception trace:

  1   Illuminate\Database\Query\Builder::decrement("on_hand", ["2020-05-21 20:25:06"])
      /var/www/html/cvlapi/vendor/laravel/framework/src/Illuminate/Database/Eloquent/Builder.php:819

  2   Illuminate\Database\Eloquent\Builder::decrement("on_hand")
      /var/www/html/cvlapi/app/Repositories/ProductAvailabilityRepository.php:86

  Please use the argument -v to see more details.
Running scheduled command: App\Http\Controllers\Sales\SaleController@importShopify

   InvalidArgumentException  : Non-numeric value passed to decrement method.

  at /var/www/html/cvlapi/vendor/laravel/framework/src/Illuminate/Database/Query/Builder.php:2786
    2782|      */
    2783|     public function decrement($column, $amount = 1, array $extra = [])
    2784|     {
    2785|         if (! is_numeric($amount)) {
  > 2786|             throw new InvalidArgumentException('Non-numeric value passed to decrement method.');
    2787|         }
    2788| 
    2789|         $wrapped = $this->grammar->wrap($column);
    2790|

  Exception trace:

  1   Illuminate\Database\Query\Builder::decrement("on_hand", ["2020-05-21 20:26:05"])
      /var/www/html/cvlapi/vendor/laravel/framework/src/Illuminate/Database/Eloquent/Builder.php:819

  2   Illuminate\Database\Eloquent\Builder::decrement("on_hand")
      /var/www/html/cvlapi/app/Repositories/ProductAvailabilityRepository.php:86

  Please use the argument -v to see more details.
Running scheduled command: App\Http\Controllers\Sales\SaleController@importShopify

   InvalidArgumentException  : Non-numeric value passed to decrement method.

  at /var/www/html/cvlapi/vendor/laravel/framework/src/Illuminate/Database/Query/Builder.php:2786
    2782|      */
    2783|     public function decrement($column, $amount = 1, array $extra = [])
    2784|     {
    2785|         if (! is_numeric($amount)) {
  > 2786|             throw new InvalidArgumentException('Non-numeric value passed to decrement method.');
    2787|         }
    2788| 
    2789|         $wrapped = $this->grammar->wrap($column);
    2790|

  Exception trace:

  1   Illuminate\Database\Query\Builder::decrement("on_hand", ["2020-05-21 20:27:09"])
      /var/www/html/cvlapi/vendor/laravel/framework/src/Illuminate/Database/Eloquent/Builder.php:819

  2   Illuminate\Database\Eloquent\Builder::decrement("on_hand")
      /var/www/html/cvlapi/app/Repositories/ProductAvailabilityRepository.php:86

  Please use the argument -v to see more details.
Running scheduled command: App\Http\Controllers\Sales\SaleController@importShopify

   InvalidArgumentException  : Non-numeric value passed to decrement method.

  at /var/www/html/cvlapi/vendor/laravel/framework/src/Illuminate/Database/Query/Builder.php:2786
    2782|      */
    2783|     public function decrement($column, $amount = 1, array $extra = [])
    2784|     {
    2785|         if (! is_numeric($amount)) {
  > 2786|             throw new InvalidArgumentException('Non-numeric value passed to decrement method.');
    2787|         }
    2788| 
    2789|         $wrapped = $this->grammar->wrap($column);
    2790|

  Exception trace:

  1   Illuminate\Database\Query\Builder::decrement("on_hand", ["2020-05-21 20:28:09"])
      /var/www/html/cvlapi/vendor/laravel/framework/src/Illuminate/Database/Eloquent/Builder.php:819

  2   Illuminate\Database\Eloquent\Builder::decrement("on_hand")
      /var/www/html/cvlapi/app/Repositories/ProductAvailabilityRepository.php:86

  Please use the argument -v to see more details.
Running scheduled command: App\Http\Controllers\Sales\SaleController@importShopify

   InvalidArgumentException  : Non-numeric value passed to decrement method.

  at /var/www/html/cvlapi/vendor/laravel/framework/src/Illuminate/Database/Query/Builder.php:2786
    2782|      */
    2783|     public function decrement($column, $amount = 1, array $extra = [])
    2784|     {
    2785|         if (! is_numeric($amount)) {
  > 2786|             throw new InvalidArgumentException('Non-numeric value passed to decrement method.');
    2787|         }
    2788| 
    2789|         $wrapped = $this->grammar->wrap($column);
    2790|

  Exception trace:

  1   Illuminate\Database\Query\Builder::decrement("on_hand", ["2020-05-21 20:29:04"])
      /var/www/html/cvlapi/vendor/laravel/framework/src/Illuminate/Database/Eloquent/Builder.php:819

  2   Illuminate\Database\Eloquent\Builder::decrement("on_hand")
      /var/www/html/cvlapi/app/Repositories/ProductAvailabilityRepository.php:86

  Please use the argument -v to see more details.
Running scheduled command: App\Http\Controllers\Sales\SaleController@importShopify

   InvalidArgumentException  : Non-numeric value passed to decrement method.

  at /var/www/html/cvlapi/vendor/laravel/framework/src/Illuminate/Database/Query/Builder.php:2786
    2782|      */
    2783|     public function decrement($column, $amount = 1, array $extra = [])
    2784|     {
    2785|         if (! is_numeric($amount)) {
  > 2786|             throw new InvalidArgumentException('Non-numeric value passed to decrement method.');
    2787|         }
    2788| 
    2789|         $wrapped = $this->grammar->wrap($column);
    2790|

  Exception trace:

  1   Illuminate\Database\Query\Builder::decrement("on_hand", ["2020-05-21 20:30:05"])
      /var/www/html/cvlapi/vendor/laravel/framework/src/Illuminate/Database/Eloquent/Builder.php:819

  2   Illuminate\Database\Eloquent\Builder::decrement("on_hand")
      /var/www/html/cvlapi/app/Repositories/ProductAvailabilityRepository.php:86

  Please use the argument -v to see more details.
Running scheduled command: App\Http\Controllers\Sales\SaleController@importShopify

   InvalidArgumentException  : Non-numeric value passed to decrement method.

  at /var/www/html/cvlapi/vendor/laravel/framework/src/Illuminate/Database/Query/Builder.php:2786
    2782|      */
    2783|     public function decrement($column, $amount = 1, array $extra = [])
    2784|     {
    2785|         if (! is_numeric($amount)) {
  > 2786|             throw new InvalidArgumentException('Non-numeric value passed to decrement method.');
    2787|         }
    2788| 
    2789|         $wrapped = $this->grammar->wrap($column);
    2790|

  Exception trace:

  1   Illuminate\Database\Query\Builder::decrement("on_hand", ["2020-05-21 20:31:10"])
      /var/www/html/cvlapi/vendor/laravel/framework/src/Illuminate/Database/Eloquent/Builder.php:819

  2   Illuminate\Database\Eloquent\Builder::decrement("on_hand")
      /var/www/html/cvlapi/app/Repositories/ProductAvailabilityRepository.php:86

  Please use the argument -v to see more details.
Running scheduled command: App\Http\Controllers\Sales\SaleController@importShopify

   InvalidArgumentException  : Non-numeric value passed to decrement method.

  at /var/www/html/cvlapi/vendor/laravel/framework/src/Illuminate/Database/Query/Builder.php:2786
    2782|      */
    2783|     public function decrement($column, $amount = 1, array $extra = [])
    2784|     {
    2785|         if (! is_numeric($amount)) {
  > 2786|             throw new InvalidArgumentException('Non-numeric value passed to decrement method.');
    2787|         }
    2788| 
    2789|         $wrapped = $this->grammar->wrap($column);
    2790|

  Exception trace:

  1   Illuminate\Database\Query\Builder::decrement("on_hand", ["2020-05-21 20:32:03"])
      /var/www/html/cvlapi/vendor/laravel/framework/src/Illuminate/Database/Eloquent/Builder.php:819

  2   Illuminate\Database\Eloquent\Builder::decrement("on_hand")
      /var/www/html/cvlapi/app/Repositories/ProductAvailabilityRepository.php:86

  Please use the argument -v to see more details.
Running scheduled command: App\Http\Controllers\Sales\SaleController@importShopify

   InvalidArgumentException  : Non-numeric value passed to decrement method.

  at /var/www/html/cvlapi/vendor/laravel/framework/src/Illuminate/Database/Query/Builder.php:2786
    2782|      */
    2783|     public function decrement($column, $amount = 1, array $extra = [])
    2784|     {
    2785|         if (! is_numeric($amount)) {
  > 2786|             throw new InvalidArgumentException('Non-numeric value passed to decrement method.');
    2787|         }
    2788| 
    2789|         $wrapped = $this->grammar->wrap($column);
    2790|

  Exception trace:

  1   Illuminate\Database\Query\Builder::decrement("on_hand", ["2020-05-21 20:33:02"])
      /var/www/html/cvlapi/vendor/laravel/framework/src/Illuminate/Database/Eloquent/Builder.php:819

  2   Illuminate\Database\Eloquent\Builder::decrement("on_hand")
      /var/www/html/cvlapi/app/Repositories/ProductAvailabilityRepository.php:88

  Please use the argument -v to see more details.
Running scheduled command: App\Http\Controllers\Sales\SaleController@importShopify

   InvalidArgumentException  : Non-numeric value passed to decrement method.

  at /var/www/html/cvlapi/vendor/laravel/framework/src/Illuminate/Database/Query/Builder.php:2786
    2782|      */
    2783|     public function decrement($column, $amount = 1, array $extra = [])
    2784|     {
    2785|         if (! is_numeric($amount)) {
  > 2786|             throw new InvalidArgumentException('Non-numeric value passed to decrement method.');
    2787|         }
    2788| 
    2789|         $wrapped = $this->grammar->wrap($column);
    2790|

  Exception trace:

  1   Illuminate\Database\Query\Builder::decrement("on_hand", ["2020-05-21 20:34:03"])
      /var/www/html/cvlapi/vendor/laravel/framework/src/Illuminate/Database/Eloquent/Builder.php:819

  2   Illuminate\Database\Eloquent\Builder::decrement("on_hand")
      /var/www/html/cvlapi/app/Repositories/ProductAvailabilityRepository.php:88

  Please use the argument -v to see more details.
Running scheduled command: App\Http\Controllers\Sales\SaleController@importShopify

   InvalidArgumentException  : Non-numeric value passed to decrement method.

  at /var/www/html/cvlapi/vendor/laravel/framework/src/Illuminate/Database/Query/Builder.php:2786
    2782|      */
    2783|     public function decrement($column, $amount = 1, array $extra = [])
    2784|     {
    2785|         if (! is_numeric($amount)) {
  > 2786|             throw new InvalidArgumentException('Non-numeric value passed to decrement method.');
    2787|         }
    2788| 
    2789|         $wrapped = $this->grammar->wrap($column);
    2790|

  Exception trace:

  1   Illuminate\Database\Query\Builder::decrement("on_hand", ["2020-05-21 20:35:08"])
      /var/www/html/cvlapi/vendor/laravel/framework/src/Illuminate/Database/Eloquent/Builder.php:819

  2   Illuminate\Database\Eloquent\Builder::decrement("on_hand")
      /var/www/html/cvlapi/app/Repositories/ProductAvailabilityRepository.php:88

  Please use the argument -v to see more details.
Running scheduled command: App\Http\Controllers\Sales\SaleController@importShopify

   InvalidArgumentException  : Non-numeric value passed to decrement method.

  at /var/www/html/cvlapi/vendor/laravel/framework/src/Illuminate/Database/Query/Builder.php:2786
    2782|      */
    2783|     public function decrement($column, $amount = 1, array $extra = [])
    2784|     {
    2785|         if (! is_numeric($amount)) {
  > 2786|             throw new InvalidArgumentException('Non-numeric value passed to decrement method.');
    2787|         }
    2788| 
    2789|         $wrapped = $this->grammar->wrap($column);
    2790|

  Exception trace:

  1   Illuminate\Database\Query\Builder::decrement("on_hand", ["2020-05-21 20:36:08"])
      /var/www/html/cvlapi/vendor/laravel/framework/src/Illuminate/Database/Eloquent/Builder.php:819

  2   Illuminate\Database\Eloquent\Builder::decrement("on_hand")
      /var/www/html/cvlapi/app/Repositories/ProductAvailabilityRepository.php:88

  Please use the argument -v to see more details.
Running scheduled command: App\Http\Controllers\Sales\SaleController@importShopify

   InvalidArgumentException  : Non-numeric value passed to decrement method.

  at /var/www/html/cvlapi/vendor/laravel/framework/src/Illuminate/Database/Query/Builder.php:2786
    2782|      */
    2783|     public function decrement($column, $amount = 1, array $extra = [])
    2784|     {
    2785|         if (! is_numeric($amount)) {
  > 2786|             throw new InvalidArgumentException('Non-numeric value passed to decrement method.');
    2787|         }
    2788| 
    2789|         $wrapped = $this->grammar->wrap($column);
    2790|

  Exception trace:

  1   Illuminate\Database\Query\Builder::decrement("on_hand", ["2020-05-21 20:37:04"])
      /var/www/html/cvlapi/vendor/laravel/framework/src/Illuminate/Database/Eloquent/Builder.php:819

  2   Illuminate\Database\Eloquent\Builder::decrement("on_hand")
      /var/www/html/cvlapi/app/Repositories/ProductAvailabilityRepository.php:88

  Please use the argument -v to see more details.
Running scheduled command: App\Http\Controllers\Sales\SaleController@importShopify

   InvalidArgumentException  : Non-numeric value passed to decrement method.

  at /var/www/html/cvlapi/vendor/laravel/framework/src/Illuminate/Database/Query/Builder.php:2786
    2782|      */
    2783|     public function decrement($column, $amount = 1, array $extra = [])
    2784|     {
    2785|         if (! is_numeric($amount)) {
  > 2786|             throw new InvalidArgumentException('Non-numeric value passed to decrement method.');
    2787|         }
    2788| 
    2789|         $wrapped = $this->grammar->wrap($column);
    2790|

  Exception trace:

  1   Illuminate\Database\Query\Builder::decrement("on_hand", ["2020-05-21 20:38:06"])
      /var/www/html/cvlapi/vendor/laravel/framework/src/Illuminate/Database/Eloquent/Builder.php:819

  2   Illuminate\Database\Eloquent\Builder::decrement("on_hand")
      /var/www/html/cvlapi/app/Repositories/ProductAvailabilityRepository.php:88

  Please use the argument -v to see more details.
Running scheduled command: App\Http\Controllers\Sales\SaleController@importShopify

   InvalidArgumentException  : Non-numeric value passed to decrement method.

  at /var/www/html/cvlapi/vendor/laravel/framework/src/Illuminate/Database/Query/Builder.php:2786
    2782|      */
    2783|     public function decrement($column, $amount = 1, array $extra = [])
    2784|     {
    2785|         if (! is_numeric($amount)) {
  > 2786|             throw new InvalidArgumentException('Non-numeric value passed to decrement method.');
    2787|         }
    2788| 
    2789|         $wrapped = $this->grammar->wrap($column);
    2790|

  Exception trace:

  1   Illuminate\Database\Query\Builder::decrement("on_hand", ["2020-05-21 20:39:07"])
      /var/www/html/cvlapi/vendor/laravel/framework/src/Illuminate/Database/Eloquent/Builder.php:819

  2   Illuminate\Database\Eloquent\Builder::decrement("on_hand")
      /var/www/html/cvlapi/app/Repositories/ProductAvailabilityRepository.php:88

  Please use the argument -v to see more details.
Running scheduled command: App\Http\Controllers\Sales\SaleController@importShopify

   InvalidArgumentException  : Non-numeric value passed to decrement method.

  at /var/www/html/cvlapi/vendor/laravel/framework/src/Illuminate/Database/Query/Builder.php:2786
    2782|      */
    2783|     public function decrement($column, $amount = 1, array $extra = [])
    2784|     {
    2785|         if (! is_numeric($amount)) {
  > 2786|             throw new InvalidArgumentException('Non-numeric value passed to decrement method.');
    2787|         }
    2788| 
    2789|         $wrapped = $this->grammar->wrap($column);
    2790|

  Exception trace:

  1   Illuminate\Database\Query\Builder::decrement("on_hand", ["2020-05-21 20:40:05"])
      /var/www/html/cvlapi/vendor/laravel/framework/src/Illuminate/Database/Eloquent/Builder.php:819

  2   Illuminate\Database\Eloquent\Builder::decrement("on_hand")
      /var/www/html/cvlapi/app/Repositories/ProductAvailabilityRepository.php:88

  Please use the argument -v to see more details.
Running scheduled command: App\Http\Controllers\Sales\SaleController@importShopify
Running scheduled command: App\Http\Controllers\Sales\SaleController@importShopify
Running scheduled command: App\Http\Controllers\Sales\SaleController@importShopify
Running scheduled command: App\Http\Controllers\Sales\SaleController@importShopify
Running scheduled command: App\Http\Controllers\Sales\SaleController@importShopify
Running scheduled command: App\Http\Controllers\Sales\SaleController@importShopify
Running scheduled command: App\Http\Controllers\Sales\SaleController@importShopify
Running scheduled command: App\Http\Controllers\Sales\SaleController@importShopify
Running scheduled command: App\Http\Controllers\Sales\SaleController@importShopify
Running scheduled command: App\Http\Controllers\Sales\SaleController@importShopify
Running scheduled command: App\Http\Controllers\Sales\SaleController@importShopify
Running scheduled command: App\Http\Controllers\Sales\SaleController@importShopify
Running scheduled command: App\Http\Controllers\Sales\SaleController@importShopify
Running scheduled command: App\Http\Controllers\Sales\SaleController@importShopify
Running scheduled command: App\Http\Controllers\Sales\SaleController@importShopify
Running scheduled command: App\Http\Controllers\Sales\SaleController@importShopify
Running scheduled command: App\Http\Controllers\Sales\SaleController@importShopify
